<?xml version="1.0" encoding="UTF-8"?>
<testng-results ignored="0" total="1" passed="1" failed="0" skipped="0">
  <reporter-output>
  </reporter-output>
  <suite started-at="2022-11-22T19:11:53 IST" name="Default suite" finished-at="2022-11-22T19:12:51 IST" duration-ms="58601">
    <groups>
    </groups>
    <test started-at="2022-11-22T19:11:53 IST" name="Default test" finished-at="2022-11-22T19:12:51 IST" duration-ms="58601">
      <class name="logout_pom_ddf_testng_utilityandbasecls.Testclass_login_out_testNG">
        <test-method is-config="true" signature="browseropen()[pri:0, instance:logout_pom_ddf_testng_utilityandbasecls.Testclass_login_out_testNG@708f5957]" started-at="2022-11-22T19:11:53 IST" name="browseropen" finished-at="2022-11-22T19:12:07 IST" duration-ms="14181" status="PASS">
          <reporter-output>
          </reporter-output>
        </test-method> <!-- browseropen -->
        <test-method is-config="true" signature="loginapp()[pri:0, instance:logout_pom_ddf_testng_utilityandbasecls.Testclass_login_out_testNG@708f5957]" started-at="2022-11-22T19:12:07 IST" name="loginapp" finished-at="2022-11-22T19:12:15 IST" duration-ms="8274" status="PASS">
          <reporter-output>
          </reporter-output>
        </test-method> <!-- loginapp -->
        <test-method signature="verifyun()[pri:0, instance:logout_pom_ddf_testng_utilityandbasecls.Testclass_login_out_testNG@708f5957]" started-at="2022-11-22T19:12:15 IST" name="verifyun" finished-at="2022-11-22T19:12:19 IST" duration-ms="3205" status="PASS">
          <reporter-output>
          </reporter-output>
        </test-method> <!-- verifyun -->
        <test-method is-config="true" signature="getScreenshot(org.testng.ITestResult)[pri:0, instance:logout_pom_ddf_testng_utilityandbasecls.Testclass_login_out_testNG@708f5957]" started-at="2022-11-22T19:12:19 IST" name="getScreenshot" finished-at="2022-11-22T19:12:51 IST" duration-ms="32791" status="PASS">
          <params>
            <param index="0">
              <value>
                <![CDATA[[TestResult name=verifyun status=SUCCESS method=Testclass_login_out_testNG.verifyun()[pri:0, instance:logout_pom_ddf_testng_utilityandbasecls.Testclass_login_out_testNG@708f5957] output={null}]]]>
              </value>
            </param>
          </params>
          <reporter-output>
          </reporter-output>
        </test-method> <!-- getScreenshot -->
        <test-method is-config="true" signature="browserclose()[pri:0, instance:logout_pom_ddf_testng_utilityandbasecls.Testclass_login_out_testNG@708f5957]" started-at="2022-11-22T19:12:51 IST" name="browserclose" finished-at="2022-11-22T19:12:51 IST" duration-ms="0" status="PASS">
          <reporter-output>
          </reporter-output>
        </test-method> <!-- browserclose -->
      </class> <!-- logout_pom_ddf_testng_utilityandbasecls.Testclass_login_out_testNG -->
    </test> <!-- Default test -->
  </suite> <!-- Default suite -->
</testng-results>
